<?xml version="1.0" encoding="UTF-8"?>
<!-- Generated by org.testng.reporters.JUnitXMLReporter -->
<testsuite hostname="Prasad-PC" ignored="1" name="Test1" tests="2" failures="0" timestamp="27 Apr 2020 08:40:44 GMT" time="36.944" errors="0">
  <testcase name="googlesearch" time="13.13" classname="test.test1_googlesearch_TestNG_demo"/>
  <testcase name="googlesearch3" time="14.214" classname="test.test1_googlesearch_TestNG_demo2"/>
  <testcase name="googlesearch2" time="0.0" classname="test.test1_googlesearch_TestNG_demo2">
    <ignored/>
  </testcase> <!-- googlesearch2 -->
</testsuite> <!-- Test1 -->
