<?xml version="1.0" encoding="UTF-8"?>
<!-- Generated by org.testng.reporters.JUnitXMLReporter -->
<testsuite hostname="Prasad-PC" ignored="1" name="Test1" tests="1" failures="0" timestamp="24 Apr 2020 14:24:19 GMT" time="15.439" errors="0">
  <testcase name="googlesearch" time="2.988" classname="test.test1_googlesearch_TestNG_demo"/>
  <testcase name="googlesearch2" time="0.0" classname="test.test1_googlesearch_TestNG_demo2">
    <ignored/>
  </testcase> <!-- googlesearch2 -->
</testsuite> <!-- Test1 -->
