<?xml version="1.0" encoding="UTF-8"?>
<!-- Generated by org.testng.reporters.JUnitXMLReporter -->
<testsuite hostname="Prasad-PC" ignored="2" name="Test" tests="2" failures="0" timestamp="26 Apr 2020 07:02:42 GMT" time="0.041" errors="0">
  <testcase name="test2" time="0.011" classname="demo.testNGgroupsdemo"/>
  <testcase name="test3" time="0.001" classname="demo.testNGgroupsdemo"/>
  <testcase name="test4" time="0.0" classname="demo.testNGgroupsdemo">
    <ignored/>
  </testcase> <!-- test4 -->
  <testcase name="test1" time="0.0" classname="demo.testNGgroupsdemo">
    <ignored/>
  </testcase> <!-- test1 -->
</testsuite> <!-- Test -->
