<?xml version="1.0" encoding="UTF-8"?>
<!-- Generated by org.testng.reporters.JUnitXMLReporter -->
<testsuite hostname="Prasad-PC" ignored="4" tests="0" failures="0" timestamp="27 Apr 2020 07:53:57 GMT" time="0.009" errors="0">
  <testcase name="test4" time="0.0" classname="demo.testNGgroupsdemo">
    <ignored/>
  </testcase> <!-- test4 -->
  <testcase name="test1" time="0.0" classname="demo.testNGgroupsdemo">
    <ignored/>
  </testcase> <!-- test1 -->
  <testcase name="test3" time="0.0" classname="demo.testNGgroupsdemo">
    <ignored/>
  </testcase> <!-- test3 -->
  <testcase name="test2" time="0.0" classname="demo.testNGgroupsdemo">
    <ignored/>
  </testcase> <!-- test2 -->
</testsuite>
