<?xml version="1.0" encoding="UTF-8"?>
<testng-results skipped="0" failed="0" ignored="0" total="1" passed="1">
  <reporter-output>
  </reporter-output>
  <suite name="Default suite" duration-ms="26211" started-at="2020-04-27T10:09:42Z" finished-at="2020-04-27T10:10:08Z">
    <groups>
    </groups>
    <test name="Default test" duration-ms="26211" started-at="2020-04-27T10:09:42Z" finished-at="2020-04-27T10:10:08Z">
      <class name="demo.katalonrecorderdemo">
        <test-method status="PASS" signature="setUp()[pri:0, instance:demo.katalonrecorderdemo@3632be31]" name="setUp" is-config="true" duration-ms="17400" started-at="2020-04-27T10:09:42Z" finished-at="2020-04-27T10:10:00Z">
          <reporter-output>
          </reporter-output>
        </test-method> <!-- setUp -->
        <test-method status="PASS" signature="testUntitledTestCase()[pri:0, instance:demo.katalonrecorderdemo@3632be31]" name="testUntitledTestCase" duration-ms="8090" started-at="2020-04-27T10:10:00Z" finished-at="2020-04-27T10:10:08Z">
          <reporter-output>
          </reporter-output>
        </test-method> <!-- testUntitledTestCase -->
        <test-method status="PASS" signature="tearDown()[pri:0, instance:demo.katalonrecorderdemo@3632be31]" name="tearDown" is-config="true" duration-ms="654" started-at="2020-04-27T10:10:08Z" finished-at="2020-04-27T10:10:08Z">
          <reporter-output>
          </reporter-output>
        </test-method> <!-- tearDown -->
      </class> <!-- demo.katalonrecorderdemo -->
    </test> <!-- Default test -->
  </suite> <!-- Default suite -->
</testng-results>
