<?xml version="1.0" encoding="UTF-8"?>
<testng-results skipped="0" failed="0" ignored="0" total="1" passed="1">
  <reporter-output>
  </reporter-output>
  <suite name="Default suite" duration-ms="12492" started-at="2020-04-26T10:04:31Z" finished-at="2020-04-26T10:04:44Z">
    <groups>
    </groups>
    <test name="Default test" duration-ms="12492" started-at="2020-04-26T10:04:31Z" finished-at="2020-04-26T10:04:44Z">
      <class name="demo.katalonrecorderdemo">
        <test-method status="PASS" signature="setUp()[pri:0, instance:demo.katalonrecorderdemo@2db7a79b]" name="setUp" is-config="true" duration-ms="3918" started-at="2020-04-26T10:04:31Z" finished-at="2020-04-26T10:04:35Z">
          <reporter-output>
          </reporter-output>
        </test-method> <!-- setUp -->
        <test-method status="PASS" signature="testUntitledTestCase()[pri:0, instance:demo.katalonrecorderdemo@2db7a79b]" name="testUntitledTestCase" duration-ms="7627" started-at="2020-04-26T10:04:35Z" finished-at="2020-04-26T10:04:43Z">
          <reporter-output>
          </reporter-output>
        </test-method> <!-- testUntitledTestCase -->
        <test-method status="PASS" signature="tearDown()[pri:0, instance:demo.katalonrecorderdemo@2db7a79b]" name="tearDown" is-config="true" duration-ms="892" started-at="2020-04-26T10:04:43Z" finished-at="2020-04-26T10:04:44Z">
          <reporter-output>
          </reporter-output>
        </test-method> <!-- tearDown -->
      </class> <!-- demo.katalonrecorderdemo -->
    </test> <!-- Default test -->
  </suite> <!-- Default suite -->
</testng-results>
