<?xml version="1.0" encoding="UTF-8"?>
<!-- Generated by org.testng.reporters.JUnitXMLReporter -->
<testsuite hostname="Prasad-PC" ignored="1" name="Default test(failed)" tests="2" failures="1" timestamp="26 Apr 2020 08:25:51 GMT" time="0.053" errors="0">
  <testcase name="test2" time="0.01" classname="demo.testNGretryfaileddemo"/>
  <testcase name="test3" time="0.004" classname="demo.testNGretryfaileddemo">
    <failure type="java.lang.AssertionError" message="expected [true] but found [false]">
      <![CDATA[java.lang.AssertionError: expected [true] but found [false]
at demo.testNGretryfaileddemo.test3(testNGretryfaileddemo.java:22)
... Removed 29 stack frames]]>
    </failure>
  </testcase> <!-- test3 -->
  <testcase name="test1" time="0.0" classname="demo.testNGretryfaileddemo">
    <ignored/>
  </testcase> <!-- test1 -->
</testsuite> <!-- Default test(failed) -->
